<?xml version="1.0" encoding="UTF-8"?>
<coverage generated="1677521453015" clover="3.2.0">
  <project timestamp="1677521453015" name="All files">
    <metrics statements="59" coveredstatements="59" conditionals="40" coveredconditionals="40" methods="6" coveredmethods="6" elements="105" coveredelements="105" complexity="0" loc="59" ncloc="59" packages="2" files="2" classes="2"/>
    <package name="sectra-programming-assignment">
      <metrics statements="27" coveredstatements="27" conditionals="18" coveredconditionals="18" methods="3" coveredmethods="3"/>
      <file name="calculator.ts" path="/Users/eriklarsson/git/sectra-programming-assignment/calculator.ts">
        <metrics statements="27" coveredstatements="27" conditionals="18" coveredconditionals="18" methods="3" coveredmethods="3"/>
        <line num="1" count="1" type="stmt"/>
        <line num="3" count="1" type="stmt"/>
        <line num="4" count="8" type="stmt"/>
        <line num="8" count="21" type="stmt"/>
        <line num="9" count="21" type="stmt"/>
        <line num="10" count="21" type="stmt"/>
        <line num="11" count="21" type="cond" truecount="2" falsecount="0"/>
        <line num="14" count="21" type="cond" truecount="1" falsecount="0"/>
        <line num="15" count="1" type="stmt"/>
        <line num="17" count="21" type="cond" truecount="1" falsecount="0"/>
        <line num="18" count="3" type="stmt"/>
        <line num="20" count="21" type="cond" truecount="1" falsecount="0"/>
        <line num="21" count="1" type="stmt"/>
        <line num="22" count="1" type="stmt"/>
        <line num="24" count="20" type="cond" truecount="4" falsecount="0"/>
        <line num="26" count="13" type="cond" truecount="2" falsecount="0"/>
        <line num="27" count="13" type="stmt"/>
        <line num="29" count="3" type="cond" truecount="2" falsecount="0"/>
        <line num="30" count="3" type="stmt"/>
        <line num="32" count="3" type="cond" truecount="2" falsecount="0"/>
        <line num="33" count="3" type="stmt"/>
        <line num="35" count="1" type="stmt"/>
        <line num="40" count="10" type="cond" truecount="1" falsecount="0"/>
        <line num="41" count="1" type="stmt"/>
        <line num="42" count="1" type="stmt"/>
        <line num="44" count="9" type="cond" truecount="2" falsecount="0"/>
        <line num="47" count="1" type="stmt"/>
      </file>
    </package>
    <package name="sectra-programming-assignment.dist">
      <metrics statements="32" coveredstatements="32" conditionals="22" coveredconditionals="22" methods="3" coveredmethods="3"/>
      <file name="calculator.js" path="/Users/eriklarsson/git/sectra-programming-assignment/dist/calculator.js">
        <metrics statements="32" coveredstatements="32" conditionals="22" coveredconditionals="22" methods="3" coveredmethods="3"/>
        <line num="2" count="1" type="stmt"/>
        <line num="3" count="1" type="stmt"/>
        <line num="4" count="1" type="stmt"/>
        <line num="5" count="1" type="stmt"/>
        <line num="6" count="1" type="stmt"/>
        <line num="7" count="8" type="stmt"/>
        <line num="9" count="1" type="stmt"/>
        <line num="11" count="21" type="stmt"/>
        <line num="12" count="21" type="stmt"/>
        <line num="13" count="21" type="stmt"/>
        <line num="14" count="21" type="cond" truecount="2" falsecount="0"/>
        <line num="17" count="21" type="cond" truecount="2" falsecount="0"/>
        <line num="18" count="1" type="stmt"/>
        <line num="20" count="21" type="cond" truecount="2" falsecount="0"/>
        <line num="21" count="3" type="stmt"/>
        <line num="23" count="21" type="cond" truecount="2" falsecount="0"/>
        <line num="24" count="1" type="stmt"/>
        <line num="25" count="1" type="stmt"/>
        <line num="27" count="20" type="cond" truecount="4" falsecount="0"/>
        <line num="29" count="13" type="cond" truecount="2" falsecount="0"/>
        <line num="30" count="13" type="stmt"/>
        <line num="32" count="3" type="cond" truecount="2" falsecount="0"/>
        <line num="33" count="3" type="stmt"/>
        <line num="35" count="3" type="cond" truecount="2" falsecount="0"/>
        <line num="36" count="3" type="stmt"/>
        <line num="38" count="1" type="stmt"/>
        <line num="41" count="1" type="stmt"/>
        <line num="43" count="10" type="cond" truecount="2" falsecount="0"/>
        <line num="44" count="1" type="stmt"/>
        <line num="45" count="1" type="stmt"/>
        <line num="47" count="9" type="cond" truecount="2" falsecount="0"/>
        <line num="49" count="1" type="stmt"/>
      </file>
    </package>
  </project>
</coverage>
