{"/Users/eriklarsson/git/sectra-programming-assignment/calculator.ts": {"path":"/Users/eriklarsson/git/sectra-programming-assignment/calculator.ts","statementMap":{"0":{"start":{"line":1,"column":44},"end":{"line":1,"column":46}},"1":{"start":{"line":73,"column":35},"end":{"line":73,"column":44}},"2":{"start":{"line":5,"column":23},"end":{"line":7,"column":1}},"3":{"start":{"line":6,"column":2},"end":{"line":6,"column":17}},"4":{"start":{"line":73,"column":46},"end":{"line":73,"column":60}},"5":{"start":{"line":14,"column":29},"end":{"line":21,"column":1}},"6":{"start":{"line":15,"column":2},"end":{"line":20,"column":null}},"7":{"start":{"line":16,"column":4},"end":{"line":16,"column":54}},"8":{"start":{"line":17,"column":4},"end":{"line":17,"column":17}},"9":{"start":{"line":19,"column":4},"end":{"line":19,"column":16}},"10":{"start":{"line":29,"column":16},"end":{"line":29,"column":41}},"11":{"start":{"line":30,"column":27},"end":{"line":30,"column":35}},"12":{"start":{"line":31,"column":28},"end":{"line":31,"column":36}},"13":{"start":{"line":32,"column":24},"end":{"line":34,"column":22}},"14":{"start":{"line":35,"column":2},"end":{"line":38,"column":null}},"15":{"start":{"line":36,"column":4},"end":{"line":36,"column":45}},"16":{"start":{"line":37,"column":4},"end":{"line":37,"column":11}},"17":{"start":{"line":39,"column":2},"end":{"line":42,"column":null}},"18":{"start":{"line":40,"column":4},"end":{"line":40,"column":45}},"19":{"start":{"line":41,"column":4},"end":{"line":41,"column":11}},"20":{"start":{"line":43,"column":2},"end":{"line":45,"column":null}},"21":{"start":{"line":44,"column":4},"end":{"line":44,"column":11}},"22":{"start":{"line":46,"column":2},"end":{"line":58,"column":null}},"23":{"start":{"line":48,"column":6},"end":{"line":48,"column":63}},"24":{"start":{"line":49,"column":6},"end":{"line":49,"column":12}},"25":{"start":{"line":51,"column":6},"end":{"line":51,"column":63}},"26":{"start":{"line":52,"column":6},"end":{"line":52,"column":12}},"27":{"start":{"line":54,"column":6},"end":{"line":54,"column":63}},"28":{"start":{"line":55,"column":6},"end":{"line":55,"column":12}},"29":{"start":{"line":57,"column":6},"end":{"line":57,"column":53}},"30":{"start":{"line":73,"column":9},"end":{"line":73,"column":18}},"31":{"start":{"line":67,"column":2},"end":{"line":69,"column":null}},"32":{"start":{"line":68,"column":4},"end":{"line":68,"column":11}},"33":{"start":{"line":70,"column":2},"end":{"line":70,"column":40}},"34":{"start":{"line":73,"column":20},"end":{"line":73,"column":33}}},"fnMap":{"0":{"name":"(anonymous_0)","decl":{"start":{"line":5,"column":23},"end":{"line":5,"column":26}},"loc":{"start":{"line":5,"column":28},"end":{"line":7,"column":1}}},"1":{"name":"(anonymous_1)","decl":{"start":{"line":14,"column":29},"end":{"line":14,"column":30}},"loc":{"start":{"line":14,"column":59},"end":{"line":21,"column":1}}},"2":{"name":"calculate","decl":{"start":{"line":28,"column":9},"end":{"line":28,"column":18}},"loc":{"start":{"line":28,"column":34},"end":{"line":59,"column":1}}},"3":{"name":"printRegister","decl":{"start":{"line":66,"column":9},"end":{"line":66,"column":22}},"loc":{"start":{"line":66,"column":39},"end":{"line":71,"column":1}}}},"branchMap":{"0":{"loc":{"start":{"line":15,"column":2},"end":{"line":20,"column":null}},"type":"if","locations":[{"start":{"line":15,"column":2},"end":{"line":20,"column":null}},{"start":{"line":18,"column":9},"end":{"line":20,"column":null}}]},"1":{"loc":{"start":{"line":32,"column":24},"end":{"line":34,"column":22}},"type":"cond-expr","locations":[{"start":{"line":33,"column":6},"end":{"line":33,"column":25}},{"start":{"line":34,"column":6},"end":{"line":34,"column":22}}]},"2":{"loc":{"start":{"line":35,"column":2},"end":{"line":38,"column":null}},"type":"if","locations":[{"start":{"line":35,"column":2},"end":{"line":38,"column":null}}]},"3":{"loc":{"start":{"line":39,"column":2},"end":{"line":42,"column":null}},"type":"if","locations":[{"start":{"line":39,"column":2},"end":{"line":42,"column":null}}]},"4":{"loc":{"start":{"line":39,"column":6},"end":{"line":39,"column":26}},"type":"binary-expr","locations":[{"start":{"line":39,"column":6},"end":{"line":39,"column":12}},{"start":{"line":39,"column":16},"end":{"line":39,"column":26}}]},"5":{"loc":{"start":{"line":43,"column":2},"end":{"line":45,"column":null}},"type":"if","locations":[{"start":{"line":43,"column":2},"end":{"line":45,"column":null}}]},"6":{"loc":{"start":{"line":46,"column":2},"end":{"line":58,"column":null}},"type":"switch","locations":[{"start":{"line":47,"column":4},"end":{"line":49,"column":12}},{"start":{"line":50,"column":4},"end":{"line":52,"column":12}},{"start":{"line":53,"column":4},"end":{"line":55,"column":12}},{"start":{"line":56,"column":4},"end":{"line":57,"column":53}}]},"7":{"loc":{"start":{"line":48,"column":29},"end":{"line":48,"column":53}},"type":"binary-expr","locations":[{"start":{"line":48,"column":29},"end":{"line":48,"column":48}},{"start":{"line":48,"column":52},"end":{"line":48,"column":53}}]},"8":{"loc":{"start":{"line":51,"column":29},"end":{"line":51,"column":53}},"type":"binary-expr","locations":[{"start":{"line":51,"column":29},"end":{"line":51,"column":48}},{"start":{"line":51,"column":52},"end":{"line":51,"column":53}}]},"9":{"loc":{"start":{"line":54,"column":29},"end":{"line":54,"column":53}},"type":"binary-expr","locations":[{"start":{"line":54,"column":29},"end":{"line":54,"column":48}},{"start":{"line":54,"column":52},"end":{"line":54,"column":53}}]},"10":{"loc":{"start":{"line":67,"column":2},"end":{"line":69,"column":null}},"type":"if","locations":[{"start":{"line":67,"column":2},"end":{"line":69,"column":null}}]},"11":{"loc":{"start":{"line":70,"column":14},"end":{"line":70,"column":38}},"type":"binary-expr","locations":[{"start":{"line":70,"column":14},"end":{"line":70,"column":33}},{"start":{"line":70,"column":37},"end":{"line":70,"column":38}}]}},"s":{"0":1,"1":1,"2":1,"3":10,"4":1,"5":1,"6":30,"7":3,"8":3,"9":27,"10":23,"11":23,"12":23,"13":23,"14":23,"15":1,"16":1,"17":22,"18":2,"19":2,"20":20,"21":2,"22":18,"23":11,"24":11,"25":3,"26":3,"27":3,"28":3,"29":1,"30":1,"31":10,"32":1,"33":9,"34":1},"f":{"0":10,"1":30,"2":23,"3":10},"b":{"0":[3,27],"1":[6,17],"2":[1],"3":[2],"4":[22,2],"5":[2],"6":[11,3,3,1],"7":[11,9],"8":[3,1],"9":[3,2],"10":[1],"11":[9,1]}}
,"/Users/eriklarsson/git/sectra-programming-assignment/dist/calculator.js": {"path":"/Users/eriklarsson/git/sectra-programming-assignment/dist/calculator.js","statementMap":{"0":{"start":{"line":2,"column":0},"end":{"line":2,"column":62}},"1":{"start":{"line":3,"column":0},"end":{"line":3,"column":96}},"2":{"start":{"line":4,"column":16},"end":{"line":4,"column":18}},"3":{"start":{"line":5,"column":0},"end":{"line":5,"column":30}},"4":{"start":{"line":9,"column":23},"end":{"line":11,"column":1}},"5":{"start":{"line":10,"column":4},"end":{"line":10,"column":39}},"6":{"start":{"line":12,"column":0},"end":{"line":12,"column":40}},"7":{"start":{"line":18,"column":29},"end":{"line":26,"column":1}},"8":{"start":{"line":19,"column":4},"end":{"line":25,"column":5}},"9":{"start":{"line":20,"column":8},"end":{"line":20,"column":58}},"10":{"start":{"line":21,"column":8},"end":{"line":21,"column":21}},"11":{"start":{"line":24,"column":8},"end":{"line":24,"column":20}},"12":{"start":{"line":33,"column":18},"end":{"line":33,"column":43}},"13":{"start":{"line":34,"column":21},"end":{"line":34,"column":29}},"14":{"start":{"line":35,"column":22},"end":{"line":35,"column":30}},"15":{"start":{"line":36,"column":18},"end":{"line":38,"column":26}},"16":{"start":{"line":39,"column":4},"end":{"line":42,"column":5}},"17":{"start":{"line":40,"column":8},"end":{"line":40,"column":49}},"18":{"start":{"line":41,"column":8},"end":{"line":41,"column":15}},"19":{"start":{"line":43,"column":4},"end":{"line":46,"column":5}},"20":{"start":{"line":44,"column":8},"end":{"line":44,"column":49}},"21":{"start":{"line":45,"column":8},"end":{"line":45,"column":15}},"22":{"start":{"line":47,"column":4},"end":{"line":49,"column":5}},"23":{"start":{"line":48,"column":8},"end":{"line":48,"column":15}},"24":{"start":{"line":50,"column":4},"end":{"line":62,"column":5}},"25":{"start":{"line":52,"column":12},"end":{"line":52,"column":69}},"26":{"start":{"line":53,"column":12},"end":{"line":53,"column":18}},"27":{"start":{"line":55,"column":12},"end":{"line":55,"column":69}},"28":{"start":{"line":56,"column":12},"end":{"line":56,"column":18}},"29":{"start":{"line":58,"column":12},"end":{"line":58,"column":69}},"30":{"start":{"line":59,"column":12},"end":{"line":59,"column":18}},"31":{"start":{"line":61,"column":12},"end":{"line":61,"column":59}},"32":{"start":{"line":64,"column":0},"end":{"line":64,"column":30}},"33":{"start":{"line":71,"column":4},"end":{"line":73,"column":5}},"34":{"start":{"line":72,"column":8},"end":{"line":72,"column":15}},"35":{"start":{"line":74,"column":4},"end":{"line":74,"column":42}},"36":{"start":{"line":76,"column":0},"end":{"line":76,"column":38}}},"fnMap":{"0":{"name":"(anonymous_0)","decl":{"start":{"line":9,"column":23},"end":{"line":9,"column":24}},"loc":{"start":{"line":9,"column":29},"end":{"line":11,"column":1}},"line":9},"1":{"name":"(anonymous_1)","decl":{"start":{"line":18,"column":29},"end":{"line":18,"column":30}},"loc":{"start":{"line":18,"column":43},"end":{"line":26,"column":1}},"line":18},"2":{"name":"calculate","decl":{"start":{"line":32,"column":9},"end":{"line":32,"column":18}},"loc":{"start":{"line":32,"column":28},"end":{"line":63,"column":1}},"line":32},"3":{"name":"printRegister","decl":{"start":{"line":70,"column":9},"end":{"line":70,"column":22}},"loc":{"start":{"line":70,"column":33},"end":{"line":75,"column":1}},"line":70}},"branchMap":{"0":{"loc":{"start":{"line":19,"column":4},"end":{"line":25,"column":5}},"type":"if","locations":[{"start":{"line":19,"column":4},"end":{"line":25,"column":5}},{"start":{"line":23,"column":9},"end":{"line":25,"column":5}}],"line":19},"1":{"loc":{"start":{"line":36,"column":18},"end":{"line":38,"column":26}},"type":"cond-expr","locations":[{"start":{"line":37,"column":10},"end":{"line":37,"column":29}},{"start":{"line":38,"column":10},"end":{"line":38,"column":26}}],"line":36},"2":{"loc":{"start":{"line":39,"column":4},"end":{"line":42,"column":5}},"type":"if","locations":[{"start":{"line":39,"column":4},"end":{"line":42,"column":5}},{"start":{},"end":{}}],"line":39},"3":{"loc":{"start":{"line":43,"column":4},"end":{"line":46,"column":5}},"type":"if","locations":[{"start":{"line":43,"column":4},"end":{"line":46,"column":5}},{"start":{},"end":{}}],"line":43},"4":{"loc":{"start":{"line":43,"column":8},"end":{"line":43,"column":28}},"type":"binary-expr","locations":[{"start":{"line":43,"column":8},"end":{"line":43,"column":14}},{"start":{"line":43,"column":18},"end":{"line":43,"column":28}}],"line":43},"5":{"loc":{"start":{"line":47,"column":4},"end":{"line":49,"column":5}},"type":"if","locations":[{"start":{"line":47,"column":4},"end":{"line":49,"column":5}},{"start":{},"end":{}}],"line":47},"6":{"loc":{"start":{"line":50,"column":4},"end":{"line":62,"column":5}},"type":"switch","locations":[{"start":{"line":51,"column":8},"end":{"line":53,"column":18}},{"start":{"line":54,"column":8},"end":{"line":56,"column":18}},{"start":{"line":57,"column":8},"end":{"line":59,"column":18}},{"start":{"line":60,"column":8},"end":{"line":61,"column":59}}],"line":50},"7":{"loc":{"start":{"line":52,"column":35},"end":{"line":52,"column":59}},"type":"binary-expr","locations":[{"start":{"line":52,"column":35},"end":{"line":52,"column":54}},{"start":{"line":52,"column":58},"end":{"line":52,"column":59}}],"line":52},"8":{"loc":{"start":{"line":55,"column":35},"end":{"line":55,"column":59}},"type":"binary-expr","locations":[{"start":{"line":55,"column":35},"end":{"line":55,"column":54}},{"start":{"line":55,"column":58},"end":{"line":55,"column":59}}],"line":55},"9":{"loc":{"start":{"line":58,"column":35},"end":{"line":58,"column":59}},"type":"binary-expr","locations":[{"start":{"line":58,"column":35},"end":{"line":58,"column":54}},{"start":{"line":58,"column":58},"end":{"line":58,"column":59}}],"line":58},"10":{"loc":{"start":{"line":71,"column":4},"end":{"line":73,"column":5}},"type":"if","locations":[{"start":{"line":71,"column":4},"end":{"line":73,"column":5}},{"start":{},"end":{}}],"line":71},"11":{"loc":{"start":{"line":74,"column":16},"end":{"line":74,"column":40}},"type":"binary-expr","locations":[{"start":{"line":74,"column":16},"end":{"line":74,"column":35}},{"start":{"line":74,"column":39},"end":{"line":74,"column":40}}],"line":74}},"s":{"0":1,"1":1,"2":1,"3":1,"4":1,"5":10,"6":1,"7":1,"8":30,"9":3,"10":3,"11":27,"12":23,"13":23,"14":23,"15":23,"16":23,"17":1,"18":1,"19":22,"20":2,"21":2,"22":20,"23":2,"24":18,"25":11,"26":11,"27":3,"28":3,"29":3,"30":3,"31":1,"32":1,"33":10,"34":1,"35":9,"36":1},"f":{"0":10,"1":30,"2":23,"3":10},"b":{"0":[3,27],"1":[6,17],"2":[1,22],"3":[2,20],"4":[22,2],"5":[2,18],"6":[11,3,3,1],"7":[11,9],"8":[3,1],"9":[3,2],"10":[1,9],"11":[9,1]},"inputSourceMap":null,"_coverageSchema":"1a1c01bbd47fc00a2c39e90264f33305004495a9","hash":"ed20843e2972f4435d445b85cb184784088856af"}
}
