{"/Users/eriklarsson/git/sectra-programming-assignment/calculator.ts": {"path":"/Users/eriklarsson/git/sectra-programming-assignment/calculator.ts","statementMap":{"0":{"start":{"line":1,"column":44},"end":{"line":1,"column":46}},"1":{"start":{"line":47,"column":35},"end":{"line":47,"column":44}},"2":{"start":{"line":3,"column":23},"end":{"line":5,"column":1}},"3":{"start":{"line":4,"column":2},"end":{"line":4,"column":17}},"4":{"start":{"line":47,"column":46},"end":{"line":47,"column":60}},"5":{"start":{"line":8,"column":16},"end":{"line":8,"column":41}},"6":{"start":{"line":9,"column":27},"end":{"line":9,"column":35}},"7":{"start":{"line":10,"column":28},"end":{"line":10,"column":36}},"8":{"start":{"line":11,"column":24},"end":{"line":13,"column":22}},"9":{"start":{"line":14,"column":2},"end":{"line":16,"column":null}},"10":{"start":{"line":15,"column":4},"end":{"line":15,"column":45}},"11":{"start":{"line":17,"column":2},"end":{"line":19,"column":null}},"12":{"start":{"line":18,"column":4},"end":{"line":18,"column":45}},"13":{"start":{"line":20,"column":2},"end":{"line":23,"column":null}},"14":{"start":{"line":21,"column":4},"end":{"line":21,"column":54}},"15":{"start":{"line":22,"column":4},"end":{"line":22,"column":11}},"16":{"start":{"line":24,"column":2},"end":{"line":36,"column":null}},"17":{"start":{"line":26,"column":6},"end":{"line":26,"column":63}},"18":{"start":{"line":27,"column":6},"end":{"line":27,"column":12}},"19":{"start":{"line":29,"column":6},"end":{"line":29,"column":63}},"20":{"start":{"line":30,"column":6},"end":{"line":30,"column":12}},"21":{"start":{"line":32,"column":6},"end":{"line":32,"column":63}},"22":{"start":{"line":33,"column":6},"end":{"line":33,"column":12}},"23":{"start":{"line":35,"column":6},"end":{"line":35,"column":53}},"24":{"start":{"line":47,"column":9},"end":{"line":47,"column":18}},"25":{"start":{"line":40,"column":2},"end":{"line":43,"column":null}},"26":{"start":{"line":41,"column":4},"end":{"line":41,"column":54}},"27":{"start":{"line":42,"column":4},"end":{"line":42,"column":11}},"28":{"start":{"line":44,"column":2},"end":{"line":44,"column":40}},"29":{"start":{"line":47,"column":20},"end":{"line":47,"column":33}}},"fnMap":{"0":{"name":"(anonymous_0)","decl":{"start":{"line":3,"column":23},"end":{"line":3,"column":26}},"loc":{"start":{"line":3,"column":28},"end":{"line":5,"column":1}}},"1":{"name":"calculate","decl":{"start":{"line":7,"column":9},"end":{"line":7,"column":18}},"loc":{"start":{"line":7,"column":34},"end":{"line":37,"column":1}}},"2":{"name":"printRegister","decl":{"start":{"line":39,"column":9},"end":{"line":39,"column":22}},"loc":{"start":{"line":39,"column":39},"end":{"line":45,"column":1}}}},"branchMap":{"0":{"loc":{"start":{"line":11,"column":24},"end":{"line":13,"column":22}},"type":"cond-expr","locations":[{"start":{"line":12,"column":6},"end":{"line":12,"column":25}},{"start":{"line":13,"column":6},"end":{"line":13,"column":22}}]},"1":{"loc":{"start":{"line":14,"column":2},"end":{"line":16,"column":null}},"type":"if","locations":[{"start":{"line":14,"column":2},"end":{"line":16,"column":null}}]},"2":{"loc":{"start":{"line":17,"column":2},"end":{"line":19,"column":null}},"type":"if","locations":[{"start":{"line":17,"column":2},"end":{"line":19,"column":null}}]},"3":{"loc":{"start":{"line":20,"column":2},"end":{"line":23,"column":null}},"type":"if","locations":[{"start":{"line":20,"column":2},"end":{"line":23,"column":null}}]},"4":{"loc":{"start":{"line":24,"column":2},"end":{"line":36,"column":null}},"type":"switch","locations":[{"start":{"line":25,"column":4},"end":{"line":27,"column":12}},{"start":{"line":28,"column":4},"end":{"line":30,"column":12}},{"start":{"line":31,"column":4},"end":{"line":33,"column":12}},{"start":{"line":34,"column":4},"end":{"line":35,"column":53}}]},"5":{"loc":{"start":{"line":26,"column":29},"end":{"line":26,"column":53}},"type":"binary-expr","locations":[{"start":{"line":26,"column":29},"end":{"line":26,"column":48}},{"start":{"line":26,"column":52},"end":{"line":26,"column":53}}]},"6":{"loc":{"start":{"line":29,"column":29},"end":{"line":29,"column":53}},"type":"binary-expr","locations":[{"start":{"line":29,"column":29},"end":{"line":29,"column":48}},{"start":{"line":29,"column":52},"end":{"line":29,"column":53}}]},"7":{"loc":{"start":{"line":32,"column":29},"end":{"line":32,"column":53}},"type":"binary-expr","locations":[{"start":{"line":32,"column":29},"end":{"line":32,"column":48}},{"start":{"line":32,"column":52},"end":{"line":32,"column":53}}]},"8":{"loc":{"start":{"line":40,"column":2},"end":{"line":43,"column":null}},"type":"if","locations":[{"start":{"line":40,"column":2},"end":{"line":43,"column":null}}]},"9":{"loc":{"start":{"line":44,"column":14},"end":{"line":44,"column":38}},"type":"binary-expr","locations":[{"start":{"line":44,"column":14},"end":{"line":44,"column":33}},{"start":{"line":44,"column":37},"end":{"line":44,"column":38}}]}},"s":{"0":1,"1":1,"2":1,"3":8,"4":1,"5":21,"6":21,"7":21,"8":21,"9":21,"10":1,"11":21,"12":3,"13":21,"14":1,"15":1,"16":20,"17":13,"18":13,"19":3,"20":3,"21":3,"22":3,"23":1,"24":1,"25":10,"26":1,"27":1,"28":9,"29":1},"f":{"0":8,"1":21,"2":10},"b":{"0":[7,14],"1":[1],"2":[3],"3":[1],"4":[13,3,3,1],"5":[13,11],"6":[3,1],"7":[3,2],"8":[1],"9":[9,1]}}
,"/Users/eriklarsson/git/sectra-programming-assignment/dist/calculator.js": {"path":"/Users/eriklarsson/git/sectra-programming-assignment/dist/calculator.js","statementMap":{"0":{"start":{"line":2,"column":0},"end":{"line":2,"column":62}},"1":{"start":{"line":3,"column":0},"end":{"line":3,"column":96}},"2":{"start":{"line":4,"column":16},"end":{"line":4,"column":18}},"3":{"start":{"line":5,"column":0},"end":{"line":5,"column":30}},"4":{"start":{"line":6,"column":23},"end":{"line":8,"column":1}},"5":{"start":{"line":7,"column":4},"end":{"line":7,"column":39}},"6":{"start":{"line":9,"column":0},"end":{"line":9,"column":40}},"7":{"start":{"line":11,"column":18},"end":{"line":11,"column":43}},"8":{"start":{"line":12,"column":21},"end":{"line":12,"column":29}},"9":{"start":{"line":13,"column":22},"end":{"line":13,"column":30}},"10":{"start":{"line":14,"column":18},"end":{"line":16,"column":26}},"11":{"start":{"line":17,"column":4},"end":{"line":19,"column":5}},"12":{"start":{"line":18,"column":8},"end":{"line":18,"column":49}},"13":{"start":{"line":20,"column":4},"end":{"line":22,"column":5}},"14":{"start":{"line":21,"column":8},"end":{"line":21,"column":49}},"15":{"start":{"line":23,"column":4},"end":{"line":26,"column":5}},"16":{"start":{"line":24,"column":8},"end":{"line":24,"column":58}},"17":{"start":{"line":25,"column":8},"end":{"line":25,"column":15}},"18":{"start":{"line":27,"column":4},"end":{"line":39,"column":5}},"19":{"start":{"line":29,"column":12},"end":{"line":29,"column":69}},"20":{"start":{"line":30,"column":12},"end":{"line":30,"column":18}},"21":{"start":{"line":32,"column":12},"end":{"line":32,"column":69}},"22":{"start":{"line":33,"column":12},"end":{"line":33,"column":18}},"23":{"start":{"line":35,"column":12},"end":{"line":35,"column":69}},"24":{"start":{"line":36,"column":12},"end":{"line":36,"column":18}},"25":{"start":{"line":38,"column":12},"end":{"line":38,"column":59}},"26":{"start":{"line":41,"column":0},"end":{"line":41,"column":30}},"27":{"start":{"line":43,"column":4},"end":{"line":46,"column":5}},"28":{"start":{"line":44,"column":8},"end":{"line":44,"column":58}},"29":{"start":{"line":45,"column":8},"end":{"line":45,"column":15}},"30":{"start":{"line":47,"column":4},"end":{"line":47,"column":42}},"31":{"start":{"line":49,"column":0},"end":{"line":49,"column":38}}},"fnMap":{"0":{"name":"(anonymous_0)","decl":{"start":{"line":6,"column":23},"end":{"line":6,"column":24}},"loc":{"start":{"line":6,"column":29},"end":{"line":8,"column":1}},"line":6},"1":{"name":"calculate","decl":{"start":{"line":10,"column":9},"end":{"line":10,"column":18}},"loc":{"start":{"line":10,"column":28},"end":{"line":40,"column":1}},"line":10},"2":{"name":"printRegister","decl":{"start":{"line":42,"column":9},"end":{"line":42,"column":22}},"loc":{"start":{"line":42,"column":33},"end":{"line":48,"column":1}},"line":42}},"branchMap":{"0":{"loc":{"start":{"line":14,"column":18},"end":{"line":16,"column":26}},"type":"cond-expr","locations":[{"start":{"line":15,"column":10},"end":{"line":15,"column":29}},{"start":{"line":16,"column":10},"end":{"line":16,"column":26}}],"line":14},"1":{"loc":{"start":{"line":17,"column":4},"end":{"line":19,"column":5}},"type":"if","locations":[{"start":{"line":17,"column":4},"end":{"line":19,"column":5}},{"start":{},"end":{}}],"line":17},"2":{"loc":{"start":{"line":20,"column":4},"end":{"line":22,"column":5}},"type":"if","locations":[{"start":{"line":20,"column":4},"end":{"line":22,"column":5}},{"start":{},"end":{}}],"line":20},"3":{"loc":{"start":{"line":23,"column":4},"end":{"line":26,"column":5}},"type":"if","locations":[{"start":{"line":23,"column":4},"end":{"line":26,"column":5}},{"start":{},"end":{}}],"line":23},"4":{"loc":{"start":{"line":27,"column":4},"end":{"line":39,"column":5}},"type":"switch","locations":[{"start":{"line":28,"column":8},"end":{"line":30,"column":18}},{"start":{"line":31,"column":8},"end":{"line":33,"column":18}},{"start":{"line":34,"column":8},"end":{"line":36,"column":18}},{"start":{"line":37,"column":8},"end":{"line":38,"column":59}}],"line":27},"5":{"loc":{"start":{"line":29,"column":35},"end":{"line":29,"column":59}},"type":"binary-expr","locations":[{"start":{"line":29,"column":35},"end":{"line":29,"column":54}},{"start":{"line":29,"column":58},"end":{"line":29,"column":59}}],"line":29},"6":{"loc":{"start":{"line":32,"column":35},"end":{"line":32,"column":59}},"type":"binary-expr","locations":[{"start":{"line":32,"column":35},"end":{"line":32,"column":54}},{"start":{"line":32,"column":58},"end":{"line":32,"column":59}}],"line":32},"7":{"loc":{"start":{"line":35,"column":35},"end":{"line":35,"column":59}},"type":"binary-expr","locations":[{"start":{"line":35,"column":35},"end":{"line":35,"column":54}},{"start":{"line":35,"column":58},"end":{"line":35,"column":59}}],"line":35},"8":{"loc":{"start":{"line":43,"column":4},"end":{"line":46,"column":5}},"type":"if","locations":[{"start":{"line":43,"column":4},"end":{"line":46,"column":5}},{"start":{},"end":{}}],"line":43},"9":{"loc":{"start":{"line":47,"column":16},"end":{"line":47,"column":40}},"type":"binary-expr","locations":[{"start":{"line":47,"column":16},"end":{"line":47,"column":35}},{"start":{"line":47,"column":39},"end":{"line":47,"column":40}}],"line":47}},"s":{"0":1,"1":1,"2":1,"3":1,"4":1,"5":8,"6":1,"7":21,"8":21,"9":21,"10":21,"11":21,"12":1,"13":21,"14":3,"15":21,"16":1,"17":1,"18":20,"19":13,"20":13,"21":3,"22":3,"23":3,"24":3,"25":1,"26":1,"27":10,"28":1,"29":1,"30":9,"31":1},"f":{"0":8,"1":21,"2":10},"b":{"0":[7,14],"1":[1,20],"2":[3,18],"3":[1,20],"4":[13,3,3,1],"5":[13,11],"6":[3,1],"7":[3,2],"8":[1,9],"9":[9,1]},"inputSourceMap":null,"_coverageSchema":"1a1c01bbd47fc00a2c39e90264f33305004495a9","hash":"684e3c041ea40f0b369ec0e7a0d2055bce2272bd"}
}
