TN:
SF:calculator.ts
FN:5,(anonymous_0)
FN:14,(anonymous_1)
FN:28,calculate
FN:66,printRegister
FNF:4
FNH:4
FNDA:10,(anonymous_0)
FNDA:30,(anonymous_1)
FNDA:23,calculate
FNDA:10,printRegister
DA:1,1
DA:5,1
DA:6,10
DA:14,1
DA:15,30
DA:16,3
DA:17,3
DA:19,27
DA:29,23
DA:30,23
DA:31,23
DA:32,23
DA:35,23
DA:36,1
DA:37,1
DA:39,22
DA:40,2
DA:41,2
DA:43,20
DA:44,2
DA:46,18
DA:48,11
DA:49,11
DA:51,3
DA:52,3
DA:54,3
DA:55,3
DA:57,1
DA:67,10
DA:68,1
DA:70,9
DA:73,1
LF:32
LH:32
BRDA:15,0,0,3
BRDA:15,0,1,27
BRDA:32,1,0,6
BRDA:32,1,1,17
BRDA:35,2,0,1
BRDA:39,3,0,2
BRDA:39,4,0,22
BRDA:39,4,1,2
BRDA:43,5,0,2
BRDA:46,6,0,11
BRDA:46,6,1,3
BRDA:46,6,2,3
BRDA:46,6,3,1
BRDA:48,7,0,11
BRDA:48,7,1,9
BRDA:51,8,0,3
BRDA:51,8,1,1
BRDA:54,9,0,3
BRDA:54,9,1,2
BRDA:67,10,0,1
BRDA:70,11,0,9
BRDA:70,11,1,1
BRF:22
BRH:22
end_of_record
TN:
SF:dist/calculator.js
FN:9,(anonymous_0)
FN:18,(anonymous_1)
FN:32,calculate
FN:70,printRegister
FNF:4
FNH:4
FNDA:10,(anonymous_0)
FNDA:30,(anonymous_1)
FNDA:23,calculate
FNDA:10,printRegister
DA:2,1
DA:3,1
DA:4,1
DA:5,1
DA:9,1
DA:10,10
DA:12,1
DA:18,1
DA:19,30
DA:20,3
DA:21,3
DA:24,27
DA:33,23
DA:34,23
DA:35,23
DA:36,23
DA:39,23
DA:40,1
DA:41,1
DA:43,22
DA:44,2
DA:45,2
DA:47,20
DA:48,2
DA:50,18
DA:52,11
DA:53,11
DA:55,3
DA:56,3
DA:58,3
DA:59,3
DA:61,1
DA:64,1
DA:71,10
DA:72,1
DA:74,9
DA:76,1
LF:37
LH:37
BRDA:19,0,0,3
BRDA:19,0,1,27
BRDA:36,1,0,6
BRDA:36,1,1,17
BRDA:39,2,0,1
BRDA:39,2,1,22
BRDA:43,3,0,2
BRDA:43,3,1,20
BRDA:43,4,0,22
BRDA:43,4,1,2
BRDA:47,5,0,2
BRDA:47,5,1,18
BRDA:50,6,0,11
BRDA:50,6,1,3
BRDA:50,6,2,3
BRDA:50,6,3,1
BRDA:52,7,0,11
BRDA:52,7,1,9
BRDA:55,8,0,3
BRDA:55,8,1,1
BRDA:58,9,0,3
BRDA:58,9,1,2
BRDA:71,10,0,1
BRDA:71,10,1,9
BRDA:74,11,0,9
BRDA:74,11,1,1
BRF:26
BRH:26
end_of_record
