TN:
SF:calculator.ts
FN:3,(anonymous_0)
FN:7,calculate
FN:39,printRegister
FNF:3
FNH:3
FNDA:9,(anonymous_0)
FNDA:22,calculate
FNDA:10,printRegister
DA:1,1
DA:3,1
DA:4,9
DA:8,22
DA:9,22
DA:10,22
DA:11,22
DA:14,22
DA:15,1
DA:17,22
DA:18,3
DA:20,22
DA:21,2
DA:22,2
DA:24,20
DA:26,13
DA:27,13
DA:29,3
DA:30,3
DA:32,3
DA:33,3
DA:35,1
DA:40,10
DA:41,1
DA:42,1
DA:44,9
DA:47,1
LF:27
LH:27
BRDA:11,0,0,7
BRDA:11,0,1,15
BRDA:14,1,0,1
BRDA:17,2,0,3
BRDA:20,3,0,2
BRDA:24,4,0,13
BRDA:24,4,1,3
BRDA:24,4,2,3
BRDA:24,4,3,1
BRDA:26,5,0,13
BRDA:26,5,1,11
BRDA:29,6,0,3
BRDA:29,6,1,1
BRDA:32,7,0,3
BRDA:32,7,1,2
BRDA:40,8,0,1
BRDA:44,9,0,9
BRDA:44,9,1,1
BRF:18
BRH:18
end_of_record
TN:
SF:dist/calculator.js
FN:6,(anonymous_0)
FN:10,calculate
FN:42,printRegister
FNF:3
FNH:3
FNDA:9,(anonymous_0)
FNDA:22,calculate
FNDA:10,printRegister
DA:2,1
DA:3,1
DA:4,1
DA:5,1
DA:6,1
DA:7,9
DA:9,1
DA:11,22
DA:12,22
DA:13,22
DA:14,22
DA:17,22
DA:18,1
DA:20,22
DA:21,3
DA:23,22
DA:24,2
DA:25,2
DA:27,20
DA:29,13
DA:30,13
DA:32,3
DA:33,3
DA:35,3
DA:36,3
DA:38,1
DA:41,1
DA:43,10
DA:44,1
DA:45,1
DA:47,9
DA:49,1
LF:32
LH:32
BRDA:14,0,0,7
BRDA:14,0,1,15
BRDA:17,1,0,1
BRDA:17,1,1,21
BRDA:20,2,0,3
BRDA:20,2,1,19
BRDA:23,3,0,2
BRDA:23,3,1,20
BRDA:27,4,0,13
BRDA:27,4,1,3
BRDA:27,4,2,3
BRDA:27,4,3,1
BRDA:29,5,0,13
BRDA:29,5,1,11
BRDA:32,6,0,3
BRDA:32,6,1,1
BRDA:35,7,0,3
BRDA:35,7,1,2
BRDA:43,8,0,1
BRDA:43,8,1,9
BRDA:47,9,0,9
BRDA:47,9,1,1
BRF:22
BRH:22
end_of_record
